<?xml version="1.0" encoding="UTF-8"?>
<testng-results ignored="0" total="1" passed="1" failed="0" skipped="0">
  <reporter-output>
  </reporter-output>
  <suite started-at="2022-11-28T10:50:25 EST" name="Default suite" finished-at="2022-11-28T10:50:31 EST" duration-ms="6064">
    <groups>
    </groups>
    <test started-at="2022-11-28T10:50:25 EST" name="Default test" finished-at="2022-11-28T10:50:31 EST" duration-ms="6064">
      <class name="test.AddContactTest">
        <test-method signature="userShouldBeAbleToAddCustomer()[pri:0, instance:test.AddContactTest@61386958]" started-at="2022-11-28T10:50:25 EST" name="userShouldBeAbleToAddCustomer" finished-at="2022-11-28T10:50:31 EST" duration-ms="6027" status="PASS">
          <reporter-output>
          </reporter-output>
        </test-method> <!-- userShouldBeAbleToAddCustomer -->
      </class> <!-- test.AddContactTest -->
    </test> <!-- Default test -->
  </suite> <!-- Default suite -->
</testng-results>
